<?xml version="1.0" encoding="UTF-8"?>
<testsuite xmlns:xsi="http://www.w3.org/2001/XMLSchema-instance" xsi:noNamespaceSchemaLocation="https://maven.apache.org/surefire/maven-surefire-plugin/xsd/surefire-test-report-3.0.xsd" version="3.0" name="TestSuite" time="158.818" tests="1" errors="0" skipped="0" failures="1">
  <properties>
[...]
</properties>
  <testcase name="feature" classname="com.qa.runner.TestRunner" time="158.025">
    <failure message="org.openqa.selenium.NoSuchElementException: no such element: Unable to locate element: {&quot;method&quot;:&quot;xpath&quot;,&quot;selector&quot;:&quot;//small[@class=&apos;text-danger&apos; and text()=&apos;Please enter your valid email add&apos;]&quot;}&#10;  (Session info: chrome=80.0.3987.132)&#10;For documentation on this error, please visit: https://www.seleniumhq.org/exceptions/no_such_element.html&#10;Build info: version: &apos;3.141.59&apos;, revision: &apos;e82be7d358&apos;, time: &apos;2018-11-14T08:17:03&apos;&#10;System info: host: &apos;DESKTOP-QUFA5SU&apos;, ip: &apos;10.100.102.66&apos;, os.name: &apos;Windows 10&apos;, os.arch: &apos;amd64&apos;, os.version: &apos;10.0&apos;, java.version: &apos;1.8.0_161&apos;&#10;Driver info: org.openqa.selenium.chrome.ChromeDriver&#10;Capabilities {acceptInsecureCerts: false, browserName: chrome, browserVersion: 80.0.3987.132, chrome: {chromedriverVersion: 80.0.3987.106 (f68069574609..., userDataDir: C:\Users\ROSARY~1.VEN\AppDa...}, goog:chromeOptions: {debuggerAddress: localhost:55416}, javascriptEnabled: true, networkConnectionEnabled: false, pageLoadStrategy: normal, platform: WINDOWS, platformName: WINDOWS, proxy: Proxy(), setWindowRect: true, strictFileInteractability: false, timeouts: {implicit: 0, pageLoad: 300000, script: 30000}, unhandledPromptBehavior: dismiss and notify}&#10;Session ID: f69efcd7b4638c3244880ba2ddab94ad&#10;*** Element info: {Using=xpath, value=//small[@class=&apos;text-danger&apos; and text()=&apos;Please enter your valid email add&apos;]}" type="cucumber.runtime.CucumberException">cucumber.runtime.CucumberException: 
org.openqa.selenium.NoSuchElementException: no such element: Unable to locate element: {"method":"xpath","selector":"//small[@class='text-danger' and text()='Please enter your valid email add']"}
  (Session info: chrome=80.0.3987.132)
For documentation on this error, please visit: https://www.seleniumhq.org/exceptions/no_such_element.html
Build info: version: '3.141.59', revision: 'e82be7d358', time: '2018-11-14T08:17:03'
System info: host: 'DESKTOP-QUFA5SU', ip: '10.100.102.66', os.name: 'Windows 10', os.arch: 'amd64', os.version: '10.0', java.version: '1.8.0_161'
Driver info: org.openqa.selenium.chrome.ChromeDriver
Capabilities {acceptInsecureCerts: false, browserName: chrome, browserVersion: 80.0.3987.132, chrome: {chromedriverVersion: 80.0.3987.106 (f68069574609..., userDataDir: C:\Users\ROSARY~1.VEN\AppDa...}, goog:chromeOptions: {debuggerAddress: localhost:55416}, javascriptEnabled: true, networkConnectionEnabled: false, pageLoadStrategy: normal, platform: WINDOWS, platformName: WINDOWS, proxy: Proxy(), setWindowRect: true, strictFileInteractability: false, timeouts: {implicit: 0, pageLoad: 300000, script: 30000}, unhandledPromptBehavior: dismiss and notify}
Session ID: f69efcd7b4638c3244880ba2ddab94ad
*** Element info: {Using=xpath, value=//small[@class='text-danger' and text()='Please enter your valid email add']}
	at com.qa.runner.TestRunner.feature(TestRunner.java:44)
Caused by: org.openqa.selenium.NoSuchElementException: 
no such element: Unable to locate element: {"method":"xpath","selector":"//small[@class='text-danger' and text()='Please enter your valid email add']"}
  (Session info: chrome=80.0.3987.132)
For documentation on this error, please visit: https://www.seleniumhq.org/exceptions/no_such_element.html
Build info: version: '3.141.59', revision: 'e82be7d358', time: '2018-11-14T08:17:03'
System info: host: 'DESKTOP-QUFA5SU', ip: '10.100.102.66', os.name: 'Windows 10', os.arch: 'amd64', os.version: '10.0', java.version: '1.8.0_161'
Driver info: org.openqa.selenium.chrome.ChromeDriver
Capabilities {acceptInsecureCerts: false, browserName: chrome, browserVersion: 80.0.3987.132, chrome: {chromedriverVersion: 80.0.3987.106 (f68069574609..., userDataDir: C:\Users\ROSARY~1.VEN\AppDa...}, goog:chromeOptions: {debuggerAddress: localhost:55416}, javascriptEnabled: true, networkConnectionEnabled: false, pageLoadStrategy: normal, platform: WINDOWS, platformName: WINDOWS, proxy: Proxy(), setWindowRect: true, strictFileInteractability: false, timeouts: {implicit: 0, pageLoad: 300000, script: 30000}, unhandledPromptBehavior: dismiss and notify}
Session ID: f69efcd7b4638c3244880ba2ddab94ad
*** Element info: {Using=xpath, value=//small[@class='text-danger' and text()='Please enter your valid email add']}
</failure>
    <system-out><![CDATA[Feature: Freshbenies Admin Loginpage Test.

  @Sanity
  Scenario: Validate login functionality with incorrect credentials # D:/eclipse/eclipse/Javaprojects/CucumberPOM/src/main/java/com/qa/features/01AdminLoginPage.feature:4
    Given User opens the browser and in login page                  # LoginPageSteps.user_opens_the_browser_and_in_login_page()
    Then User enters the incorrect username and incorrect password  # LoginPageSteps.user_enters_the_incorrect_username_and_incorrect_password()
    Then User clicks the login button                               # LoginPageSteps.user_clicks_the_login_button()
    Then Validate whether an alert message is thrown                # LoginPageSteps.validate_whether_an_alert_message_is_thrown()
    Then Close the browser                                          # LoginPageSteps.close_the_browser()
11:34:22.662 [main] INFO  com.qa.stepDefinitions.LoginPageSteps - Enter invalid emailid
11:34:27.781 [main] INFO  com.qa.stepDefinitions.LoginPageSteps - Invalid emailid enteered
11:34:27.846 [main] INFO  com.qa.stepDefinitions.LoginPageSteps - Validate method started
Failure in after hook:HomePageSteps.tearDown(Scenario)
Message: java.lang.NullPointerException
	at com.qa.stepDefinitions.HomePageSteps.tearDown(HomePageSteps.java:113)
	at sun.reflect.NativeMethodAccessorImpl.invoke0(Native Method)
	at sun.reflect.NativeMethodAccessorImpl.invoke(NativeMethodAccessorImpl.java:62)
	at sun.reflect.DelegatingMethodAccessorImpl.invoke(DelegatingMethodAccessorImpl.java:43)
	at java.lang.reflect.Method.invoke(Method.java:498)
	at cucumber.runtime.Utils$1.call(Utils.java:40)
	at cucumber.runtime.Timeout.timeout(Timeout.java:16)
	at cucumber.runtime.Utils.invoke(Utils.java:34)
	at cucumber.runtime.java.JavaHookDefinition.execute(JavaHookDefinition.java:60)
	at cucumber.runtime.Runtime.runHookIfTagsMatch(Runtime.java:224)
	at cucumber.runtime.Runtime.runHooks(Runtime.java:212)
	at cucumber.runtime.Runtime.runAfterHooks(Runtime.java:206)
	at cucumber.runtime.model.CucumberScenario.run(CucumberScenario.java:46)
	at cucumber.runtime.model.CucumberFeature.run(CucumberFeature.java:165)
	at cucumber.api.testng.TestNGCucumberRunner.runCucumber(TestNGCucumberRunner.java:63)
	at com.qa.runner.TestRunner.feature(TestRunner.java:44)
	at sun.reflect.NativeMethodAccessorImpl.invoke0(Native Method)
	at sun.reflect.NativeMethodAccessorImpl.invoke(NativeMethodAccessorImpl.java:62)
	at sun.reflect.DelegatingMethodAccessorImpl.invoke(DelegatingMethodAccessorImpl.java:43)
	at java.lang.reflect.Method.invoke(Method.java:498)
	at org.testng.internal.MethodInvocationHelper.invokeMethod(MethodInvocationHelper.java:124)
	at org.testng.internal.Invoker.invokeMethod(Invoker.java:583)
	at org.testng.internal.Invoker.invokeTestMethod(Invoker.java:719)
	at org.testng.internal.Invoker.invokeTestMethods(Invoker.java:989)
	at org.testng.internal.TestMethodWorker.invokeTestMethods(TestMethodWorker.java:125)
	at org.testng.internal.TestMethodWorker.run(TestMethodWorker.java:109)
	at org.testng.TestRunner.privateRun(TestRunner.java:648)
	at org.testng.TestRunner.run(TestRunner.java:505)
	at org.testng.SuiteRunner.runTest(SuiteRunner.java:455)
	at org.testng.SuiteRunner.runSequentially(SuiteRunner.java:450)
	at org.testng.SuiteRunner.privateRun(SuiteRunner.java:415)
	at org.testng.SuiteRunner.run(SuiteRunner.java:364)
	at org.testng.SuiteRunnerWorker.runSuite(SuiteRunnerWorker.java:52)
	at org.testng.SuiteRunnerWorker.run(SuiteRunnerWorker.java:84)
	at org.testng.TestNG.runSuitesSequentially(TestNG.java:1208)
	at org.testng.TestNG.runSuitesLocally(TestNG.java:1137)
	at org.testng.TestNG.runSuites(TestNG.java:1049)
	at org.testng.TestNG.run(TestNG.java:1017)
	at org.apache.maven.surefire.testng.TestNGExecutor.run(TestNGExecutor.java:283)
	at org.apache.maven.surefire.testng.TestNGXmlTestSuite.execute(TestNGXmlTestSuite.java:75)
	at org.apache.maven.surefire.testng.TestNGProvider.invoke(TestNGProvider.java:120)
	at org.apache.maven.surefire.booter.ForkedBooter.invokeProviderInSameClassLoader(ForkedBooter.java:384)
	at org.apache.maven.surefire.booter.ForkedBooter.runSuitesInProcess(ForkedBooter.java:345)
	at org.apache.maven.surefire.booter.ForkedBooter.execute(ForkedBooter.java:126)
	at org.apache.maven.surefire.booter.ForkedBooter.main(ForkedBooter.java:418)

      java.lang.NullPointerException
      	at com.qa.stepDefinitions.HomePageSteps.tearDown(HomePageSteps.java:113)
      	at sun.reflect.NativeMethodAccessorImpl.invoke0(Native Method)
      	at sun.reflect.NativeMethodAccessorImpl.invoke(NativeMethodAccessorImpl.java:62)
      	at sun.reflect.DelegatingMethodAccessorImpl.invoke(DelegatingMethodAccessorImpl.java:43)
      	at java.lang.reflect.Method.invoke(Method.java:498)
      	at cucumber.runtime.Utils$1.call(Utils.java:40)
      	at cucumber.runtime.Timeout.timeout(Timeout.java:16)
      	at cucumber.runtime.Utils.invoke(Utils.java:34)
      	at cucumber.runtime.java.JavaHookDefinition.execute(JavaHookDefinition.java:60)
      	at cucumber.runtime.Runtime.runHookIfTagsMatch(Runtime.java:224)
      	at cucumber.runtime.Runtime.runHooks(Runtime.java:212)
      	at cucumber.runtime.Runtime.runAfterHooks(Runtime.java:206)
      	at cucumber.runtime.model.CucumberScenario.run(CucumberScenario.java:46)
      	at cucumber.runtime.model.CucumberFeature.run(CucumberFeature.java:165)
      	at cucumber.api.testng.TestNGCucumberRunner.runCucumber(TestNGCucumberRunner.java:63)
      	at com.qa.runner.TestRunner.feature(TestRunner.java:44)
      	at sun.reflect.NativeMethodAccessorImpl.invoke0(Native Method)
      	at sun.reflect.NativeMethodAccessorImpl.invoke(NativeMethodAccessorImpl.java:62)
      	at sun.reflect.DelegatingMethodAccessorImpl.invoke(DelegatingMethodAccessorImpl.java:43)
      	at java.lang.reflect.Method.invoke(Method.java:498)
      	at org.testng.internal.MethodInvocationHelper.invokeMethod(MethodInvocationHelper.java:124)
      	at org.testng.internal.Invoker.invokeMethod(Invoker.java:583)
      	at org.testng.internal.Invoker.invokeTestMethod(Invoker.java:719)
      	at org.testng.internal.Invoker.invokeTestMethods(Invoker.java:989)
      	at org.testng.internal.TestMethodWorker.invokeTestMethods(TestMethodWorker.java:125)
      	at org.testng.internal.TestMethodWorker.run(TestMethodWorker.java:109)
      	at org.testng.TestRunner.privateRun(TestRunner.java:648)
      	at org.testng.TestRunner.run(TestRunner.java:505)
      	at org.testng.SuiteRunner.runTest(SuiteRunner.java:455)
      	at org.testng.SuiteRunner.runSequentially(SuiteRunner.java:450)
      	at org.testng.SuiteRunner.privateRun(SuiteRunner.java:415)
      	at org.testng.SuiteRunner.run(SuiteRunner.java:364)
      	at org.testng.SuiteRunnerWorker.runSuite(SuiteRunnerWorker.java:52)
      	at org.testng.SuiteRunnerWorker.run(SuiteRunnerWorker.java:84)
      	at org.testng.TestNG.runSuitesSequentially(TestNG.java:1208)
      	at org.testng.TestNG.runSuitesLocally(TestNG.java:1137)
      	at org.testng.TestNG.runSuites(TestNG.java:1049)
      	at org.testng.TestNG.run(TestNG.java:1017)
      	at org.apache.maven.surefire.testng.TestNGExecutor.run(TestNGExecutor.java:283)
      	at org.apache.maven.surefire.testng.TestNGXmlTestSuite.execute(TestNGXmlTestSuite.java:75)
      	at org.apache.maven.surefire.testng.TestNGProvider.invoke(TestNGProvider.java:120)
      	at org.apache.maven.surefire.booter.ForkedBooter.invokeProviderInSameClassLoader(ForkedBooter.java:384)
      	at org.apache.maven.surefire.booter.ForkedBooter.runSuitesInProcess(ForkedBooter.java:345)
      	at org.apache.maven.surefire.booter.ForkedBooter.execute(ForkedBooter.java:126)
      	at org.apache.maven.surefire.booter.ForkedBooter.main(ForkedBooter.java:418)


  @Sanity
  Scenario: Verify whether appropriate error message is displayed on entering invalid emailid. # D:/eclipse/eclipse/Javaprojects/CucumberPOM/src/main/java/com/qa/features/01AdminLoginPage.feature:13
    Given User opens the browser and in login page                                             # LoginPageSteps.user_opens_the_browser_and_in_login_page()
    Then User enters the invalid emailid                                                       # LoginPageSteps.user_enters_the_invalid_emailid()
    Then User clicks the login button                                                          # LoginPageSteps.user_clicks_the_login_button()
    Then Validate whether an appropriate error message is thrown                               # LoginPageSteps.validate_whether_an_appropriate_error_message_is_thrown()
      org.openqa.selenium.NoSuchElementException: no such element: Unable to locate element: {"method":"xpath","selector":"//small[@class='text-danger' and text()='Please enter your valid email add']"}
        (Session info: chrome=80.0.3987.132)
      For documentation on this error, please visit: https://www.seleniumhq.org/exceptions/no_such_element.html
      Build info: version: '3.141.59', revision: 'e82be7d358', time: '2018-11-14T08:17:03'
      System info: host: 'DESKTOP-QUFA5SU', ip: '10.100.102.66', os.name: 'Windows 10', os.arch: 'amd64', os.version: '10.0', java.version: '1.8.0_161'
      Driver info: org.openqa.selenium.chrome.ChromeDriver
      Capabilities {acceptInsecureCerts: false, browserName: chrome, browserVersion: 80.0.3987.132, chrome: {chromedriverVersion: 80.0.3987.106 (f68069574609..., userDataDir: C:\Users\ROSARY~1.VEN\AppDa...}, goog:chromeOptions: {debuggerAddress: localhost:55416}, javascriptEnabled: true, networkConnectionEnabled: false, pageLoadStrategy: normal, platform: WINDOWS, platformName: WINDOWS, proxy: Proxy(), setWindowRect: true, strictFileInteractability: false, timeouts: {implicit: 0, pageLoad: 300000, script: 30000}, unhandledPromptBehavior: dismiss and notify}
      Session ID: f69efcd7b4638c3244880ba2ddab94ad
      *** Element info: {Using=xpath, value=//small[@class='text-danger' and text()='Please enter your valid email add']}
      	at sun.reflect.GeneratedConstructorAccessor17.newInstance(Unknown Source)
      	at sun.reflect.DelegatingConstructorAccessorImpl.newInstance(DelegatingConstructorAccessorImpl.java:45)
      	at java.lang.reflect.Constructor.newInstance(Constructor.java:423)
      	at org.openqa.selenium.remote.http.W3CHttpResponseCodec.createException(W3CHttpResponseCodec.java:187)
      	at org.openqa.selenium.remote.http.W3CHttpResponseCodec.decode(W3CHttpResponseCodec.java:122)
      	at org.openqa.selenium.remote.http.W3CHttpResponseCodec.decode(W3CHttpResponseCodec.java:49)
      	at org.openqa.selenium.remote.HttpCommandExecutor.execute(HttpCommandExecutor.java:158)
      	at org.openqa.selenium.remote.service.DriverCommandExecutor.execute(DriverCommandExecutor.java:83)
      	at org.openqa.selenium.remote.RemoteWebDriver.execute(RemoteWebDriver.java:552)
      	at org.openqa.selenium.remote.RemoteWebDriver.findElement(RemoteWebDriver.java:323)
      	at org.openqa.selenium.remote.RemoteWebDriver.findElementByXPath(RemoteWebDriver.java:428)
      	at org.openqa.selenium.By$ByXPath.findElement(By.java:353)
      	at org.openqa.selenium.remote.RemoteWebDriver.findElement(RemoteWebDriver.java:315)
      	at org.openqa.selenium.support.pagefactory.DefaultElementLocator.findElement(DefaultElementLocator.java:69)
      	at org.openqa.selenium.support.pagefactory.internal.LocatingElementHandler.invoke(LocatingElementHandler.java:38)
      	at com.sun.proxy.$Proxy33.isDisplayed(Unknown Source)
      	at com.qa.pages.AdminLoginPage.verifyInvalidEmailidMsg(AdminLoginPage.java:66)
      	at com.qa.stepDefinitions.LoginPageSteps.validate_whether_an_appropriate_error_message_is_thrown(LoginPageSteps.java:86)
      	at ?.Then Validate whether an appropriate error message is thrown(D:/eclipse/eclipse/Javaprojects/CucumberPOM/src/main/java/com/qa/features/01AdminLoginPage.feature:18)

    Then Close the browser                                                                     # LoginPageSteps.close_the_browser()
]]></system-out>
    <system-err><![CDATA[SLF4J: Failed to load class "org.slf4j.impl.StaticLoggerBinder".
SLF4J: Defaulting to no-operation (NOP) logger implementation
SLF4J: See http://www.slf4j.org/codes.html#StaticLoggerBinder for further details.
Starting ChromeDriver 80.0.3987.106 (f68069574609230cf9b635cd784cfb1bf81bb53a-refs/branch-heads/3987@{#882}) on port 6145
Only local connections are allowed.
Please protect ports used by ChromeDriver and related test frameworks to prevent access by malicious code.
[1584597750.230][WARNING]: Timed out connecting to Chrome, retrying...
Mar 19, 2020 11:32:32 AM org.openqa.selenium.remote.ProtocolHandshake createSession
INFO: Detected dialect: W3C
[1584597754.277][WARNING]: Timed out connecting to Chrome, retrying...
[1584597757.732][SEVERE]: Timed out receiving message from renderer: 0.100
[1584597757.834][SEVERE]: Timed out receiving message from renderer: 0.100
[1584597757.975][SEVERE]: Timed out receiving message from renderer: 0.100
[1584597758.077][SEVERE]: Timed out receiving message from renderer: 0.100
[1584597758.179][SEVERE]: Timed out receiving message from renderer: 0.100
[1584597758.281][SEVERE]: Timed out receiving message from renderer: 0.100
[1584597758.385][SEVERE]: Timed out receiving message from renderer: 0.100
[1584597758.489][SEVERE]: Timed out receiving message from renderer: 0.100
[1584597758.592][SEVERE]: Timed out receiving message from renderer: 0.100
[1584597758.693][SEVERE]: Timed out receiving message from renderer: 0.100
[1584597758.795][SEVERE]: Timed out receiving message from renderer: 0.100
[1584597758.898][SEVERE]: Timed out receiving message from renderer: 0.100
[1584597759.001][SEVERE]: Timed out receiving message from renderer: 0.100
[1584597759.106][SEVERE]: Timed out receiving message from renderer: 0.100
[1584597759.207][SEVERE]: Timed out receiving message from renderer: 0.100
[1584597759.308][SEVERE]: Timed out receiving message from renderer: 0.100
[1584597759.410][SEVERE]: Timed out receiving message from renderer: 0.100
[1584597759.513][SEVERE]: Timed out receiving message from renderer: 0.100
[1584597759.616][SEVERE]: Timed out receiving message from renderer: 0.100
[1584597759.718][SEVERE]: Timed out receiving message from renderer: 0.100
[1584597759.819][SEVERE]: Timed out receiving message from renderer: 0.100
[1584597759.921][SEVERE]: Timed out receiving message from renderer: 0.100
[1584597760.022][SEVERE]: Timed out receiving message from renderer: 0.100
[1584597760.123][SEVERE]: Timed out receiving message from renderer: 0.100
[1584597760.224][SEVERE]: Timed out receiving message from renderer: 0.100
[1584597760.325][SEVERE]: Timed out receiving message from renderer: 0.100
[1584597760.427][SEVERE]: Timed out receiving message from renderer: 0.100
[1584597760.528][SEVERE]: Timed out receiving message from renderer: 0.100
[1584597760.630][SEVERE]: Timed out receiving message from renderer: 0.100
[1584597760.731][SEVERE]: Timed out receiving message from renderer: 0.100
[1584597760.832][SEVERE]: Timed out receiving message from renderer: 0.100
[1584597760.933][SEVERE]: Timed out receiving message from renderer: 0.100
[1584597761.034][SEVERE]: Timed out receiving message from renderer: 0.100
[1584597761.137][SEVERE]: Timed out receiving message from renderer: 0.100
[1584597761.238][SEVERE]: Timed out receiving message from renderer: 0.100
[1584597761.340][SEVERE]: Timed out receiving message from renderer: 0.100
[1584597761.441][SEVERE]: Timed out receiving message from renderer: 0.100
[1584597761.543][SEVERE]: Timed out receiving message from renderer: 0.100
[1584597761.644][SEVERE]: Timed out receiving message from renderer: 0.100
[1584597761.745][SEVERE]: Timed out receiving message from renderer: 0.100
[1584597761.847][SEVERE]: Timed out receiving message from renderer: 0.100
[1584597761.949][SEVERE]: Timed out receiving message from renderer: 0.100
[1584597762.050][SEVERE]: Timed out receiving message from renderer: 0.100
[1584597762.152][SEVERE]: Timed out receiving message from renderer: 0.100
[1584597762.253][SEVERE]: Timed out receiving message from renderer: 0.100
[1584597762.354][SEVERE]: Timed out receiving message from renderer: 0.100
[1584597762.455][SEVERE]: Timed out receiving message from renderer: 0.100
[1584597762.556][SEVERE]: Timed out receiving message from renderer: 0.100
[1584597762.657][SEVERE]: Timed out receiving message from renderer: 0.100
[1584597762.758][SEVERE]: Timed out receiving message from renderer: 0.100
[1584597762.859][SEVERE]: Timed out receiving message from renderer: 0.100
[1584597762.960][SEVERE]: Timed out receiving message from renderer: 0.100
[1584597763.061][SEVERE]: Timed out receiving message from renderer: 0.100
[1584597763.162][SEVERE]: Timed out receiving message from renderer: 0.100
[1584597763.264][SEVERE]: Timed out receiving message from renderer: 0.100
[1584597763.367][SEVERE]: Timed out receiving message from renderer: 0.100
[1584597763.470][SEVERE]: Timed out receiving message from renderer: 0.100
[1584597763.573][SEVERE]: Timed out receiving message from renderer: 0.100
[1584597763.706][SEVERE]: Timed out receiving message from renderer: 0.100
[1584597763.809][SEVERE]: Timed out receiving message from renderer: 0.100
[1584597763.913][SEVERE]: Timed out receiving message from renderer: 0.100
[1584597764.021][SEVERE]: Timed out receiving message from renderer: 0.100
[1584597764.125][SEVERE]: Timed out receiving message from renderer: 0.100
[1584597764.228][SEVERE]: Timed out receiving message from renderer: 0.100
[1584597764.330][SEVERE]: Timed out receiving message from renderer: 0.100
[1584597764.433][SEVERE]: Timed out receiving message from renderer: 0.100
[1584597764.621][SEVERE]: Timed out receiving message from renderer: 0.100
[1584597764.724][SEVERE]: Timed out receiving message from renderer: 0.100
[1584597764.825][SEVERE]: Timed out receiving message from renderer: 0.100
[1584597764.926][SEVERE]: Timed out receiving message from renderer: 0.100
[1584597765.030][SEVERE]: Timed out receiving message from renderer: 0.100
[1584597765.133][SEVERE]: Timed out receiving message from renderer: 0.100
[1584597765.236][SEVERE]: Timed out receiving message from renderer: 0.100
[1584597765.339][SEVERE]: Timed out receiving message from renderer: 0.100
[1584597765.442][SEVERE]: Timed out receiving message from renderer: 0.100
[1584597765.545][SEVERE]: Timed out receiving message from renderer: 0.100
[1584597765.648][SEVERE]: Timed out receiving message from renderer: 0.100
[1584597765.751][SEVERE]: Timed out receiving message from renderer: 0.100
[1584597765.852][SEVERE]: Timed out receiving message from renderer: 0.100
[1584597765.955][SEVERE]: Timed out receiving message from renderer: 0.100
[1584597766.056][SEVERE]: Timed out receiving message from renderer: 0.100
[1584597766.158][SEVERE]: Timed out receiving message from renderer: 0.100
[1584597766.262][SEVERE]: Timed out receiving message from renderer: 0.100
[1584597766.363][SEVERE]: Timed out receiving message from renderer: 0.100
[1584597766.467][SEVERE]: Timed out receiving message from renderer: 0.100
[1584597766.568][SEVERE]: Timed out receiving message from renderer: 0.100
[1584597766.671][SEVERE]: Timed out receiving message from renderer: 0.100
[1584597766.772][SEVERE]: Timed out receiving message from renderer: 0.100
[1584597766.875][SEVERE]: Timed out receiving message from renderer: 0.100
[1584597766.979][SEVERE]: Timed out receiving message from renderer: 0.100
[1584597767.083][SEVERE]: Timed out receiving message from renderer: 0.100
[1584597767.185][SEVERE]: Timed out receiving message from renderer: 0.100
[1584597767.286][SEVERE]: Timed out receiving message from renderer: 0.100
[1584597767.389][SEVERE]: Timed out receiving message from renderer: 0.100
[1584597767.492][SEVERE]: Timed out receiving message from renderer: 0.100
[1584597767.595][SEVERE]: Timed out receiving message from renderer: 0.100
[1584597767.698][SEVERE]: Timed out receiving message from renderer: 0.100
[1584597767.800][SEVERE]: Timed out receiving message from renderer: 0.100
[1584597767.904][SEVERE]: Timed out receiving message from renderer: 0.100
[1584597768.007][SEVERE]: Timed out receiving message from renderer: 0.100
[1584597768.108][SEVERE]: Timed out receiving message from renderer: 0.100
[1584597768.211][SEVERE]: Timed out receiving message from renderer: 0.100
[1584597768.312][SEVERE]: Timed out receiving message from renderer: 0.100
[1584597768.413][SEVERE]: Timed out receiving message from renderer: 0.100
[1584597768.516][SEVERE]: Timed out receiving message from renderer: 0.100
[1584597768.619][SEVERE]: Timed out receiving message from renderer: 0.100
[1584597768.721][SEVERE]: Timed out receiving message from renderer: 0.100
[1584597768.824][SEVERE]: Timed out receiving message from renderer: 0.100
[1584597768.927][SEVERE]: Timed out receiving message from renderer: 0.100
[1584597769.031][SEVERE]: Timed out receiving message from renderer: 0.100
[1584597769.134][SEVERE]: Timed out receiving message from renderer: 0.100
[1584597769.342][SEVERE]: Timed out receiving message from renderer: 0.100
[1584597769.443][SEVERE]: Timed out receiving message from renderer: 0.100
[1584597769.544][SEVERE]: Timed out receiving message from renderer: 0.100
[1584597769.648][SEVERE]: Timed out receiving message from renderer: 0.100
[1584597769.751][SEVERE]: Timed out receiving message from renderer: 0.100
[1584597769.854][SEVERE]: Timed out receiving message from renderer: 0.100
[1584597769.960][SEVERE]: Timed out receiving message from renderer: 0.100
[1584597770.061][SEVERE]: Timed out receiving message from renderer: 0.100
[1584597770.164][SEVERE]: Timed out receiving message from renderer: 0.100
[1584597770.270][SEVERE]: Timed out receiving message from renderer: 0.100
[1584597770.374][SEVERE]: Timed out receiving message from renderer: 0.100
[1584597770.477][SEVERE]: Timed out receiving message from renderer: 0.100
[1584597770.578][SEVERE]: Timed out receiving message from renderer: 0.100
[1584597770.683][SEVERE]: Timed out receiving message from renderer: 0.100
[1584597770.786][SEVERE]: Timed out receiving message from renderer: 0.100
[1584597770.888][SEVERE]: Timed out receiving message from renderer: 0.100
[1584597770.990][SEVERE]: Timed out receiving message from renderer: 0.100
[1584597771.093][SEVERE]: Timed out receiving message from renderer: 0.100
[1584597771.196][SEVERE]: Timed out receiving message from renderer: 0.100
[1584597771.299][SEVERE]: Timed out receiving message from renderer: 0.100
[1584597771.402][SEVERE]: Timed out receiving message from renderer: 0.100
[1584597771.503][SEVERE]: Timed out receiving message from renderer: 0.100
[1584597771.606][SEVERE]: Timed out receiving message from renderer: 0.100
[1584597771.707][SEVERE]: Timed out receiving message from renderer: 0.100
[1584597771.809][SEVERE]: Timed out receiving message from renderer: 0.100
[1584597771.912][SEVERE]: Timed out receiving message from renderer: 0.100
[1584597772.047][SEVERE]: Timed out receiving message from renderer: 0.100
[1584597772.149][SEVERE]: Timed out receiving message from renderer: 0.100
[1584597772.253][SEVERE]: Timed out receiving message from renderer: 0.100
[1584597772.354][SEVERE]: Timed out receiving message from renderer: 0.100
[1584597772.456][SEVERE]: Timed out receiving message from renderer: 0.100
[1584597772.559][SEVERE]: Timed out receiving message from renderer: 0.100
[1584597772.662][SEVERE]: Timed out receiving message from renderer: 0.100
[1584597772.764][SEVERE]: Timed out receiving message from renderer: 0.100
[1584597772.865][SEVERE]: Timed out receiving message from renderer: 0.100
[1584597772.968][SEVERE]: Timed out receiving message from renderer: 0.100
[1584597773.071][SEVERE]: Timed out receiving message from renderer: 0.100
[1584597773.175][SEVERE]: Timed out receiving message from renderer: 0.100
[1584597773.278][SEVERE]: Timed out receiving message from renderer: 0.100
[1584597773.379][SEVERE]: Timed out receiving message from renderer: 0.100
[1584597773.482][SEVERE]: Timed out receiving message from renderer: 0.100
[1584597773.585][SEVERE]: Timed out receiving message from renderer: 0.100
[1584597773.688][SEVERE]: Timed out receiving message from renderer: 0.100
[1584597773.791][SEVERE]: Timed out receiving message from renderer: 0.100
[1584597773.893][SEVERE]: Timed out receiving message from renderer: 0.100
[1584597773.994][SEVERE]: Timed out receiving message from renderer: 0.100
[1584597774.096][SEVERE]: Timed out receiving message from renderer: 0.100
[1584597774.199][SEVERE]: Timed out receiving message from renderer: 0.100
[1584597774.301][SEVERE]: Timed out receiving message from renderer: 0.100
[1584597774.404][SEVERE]: Timed out receiving message from renderer: 0.100
[1584597774.507][SEVERE]: Timed out receiving message from renderer: 0.100
[1584597774.609][SEVERE]: Timed out receiving message from renderer: 0.100
[1584597774.712][SEVERE]: Timed out receiving message from renderer: 0.100
[1584597774.815][SEVERE]: Timed out receiving message from renderer: 0.100
[1584597774.917][SEVERE]: Timed out receiving message from renderer: 0.100
[1584597775.020][SEVERE]: Timed out receiving message from renderer: 0.100
[1584597775.121][SEVERE]: Timed out receiving message from renderer: 0.100
[1584597775.223][SEVERE]: Timed out receiving message from renderer: 0.100
[1584597775.326][SEVERE]: Timed out receiving message from renderer: 0.100
[1584597775.429][SEVERE]: Timed out receiving message from renderer: 0.100
[1584597775.533][SEVERE]: Timed out receiving message from renderer: 0.100
[1584597775.637][SEVERE]: Timed out receiving message from renderer: 0.100
[1584597775.739][SEVERE]: Timed out receiving message from renderer: 0.100
[1584597775.842][SEVERE]: Timed out receiving message from renderer: 0.100
[1584597775.944][SEVERE]: Timed out receiving message from renderer: 0.100
[1584597776.046][SEVERE]: Timed out receiving message from renderer: 0.100
[1584597776.149][SEVERE]: Timed out receiving message from renderer: 0.100
[1584597776.251][SEVERE]: Timed out receiving message from renderer: 0.100
[1584597776.352][SEVERE]: Timed out receiving message from renderer: 0.100
[1584597776.455][SEVERE]: Timed out receiving message from renderer: 0.100
[1584597776.556][SEVERE]: Timed out receiving message from renderer: 0.100
[1584597776.659][SEVERE]: Timed out receiving message from renderer: 0.100
[1584597776.762][SEVERE]: Timed out receiving message from renderer: 0.100
[1584597776.865][SEVERE]: Timed out receiving message from renderer: 0.100
[1584597776.968][SEVERE]: Timed out receiving message from renderer: 0.100
[1584597777.071][SEVERE]: Timed out receiving message from renderer: 0.100
[1584597777.174][SEVERE]: Timed out receiving message from renderer: 0.100
[1584597777.276][SEVERE]: Timed out receiving message from renderer: 0.100
[1584597777.378][SEVERE]: Timed out receiving message from renderer: 0.100
[1584597777.479][SEVERE]: Timed out receiving message from renderer: 0.100
[1584597777.580][SEVERE]: Timed out receiving message from renderer: 0.100
[1584597777.685][SEVERE]: Timed out receiving message from renderer: 0.100
[1584597777.788][SEVERE]: Timed out receiving message from renderer: 0.100
[1584597777.890][SEVERE]: Timed out receiving message from renderer: 0.100
[1584597777.993][SEVERE]: Timed out receiving message from renderer: 0.100
[1584597778.096][SEVERE]: Timed out receiving message from renderer: 0.100
[1584597778.199][SEVERE]: Timed out receiving message from renderer: 0.100
[1584597778.303][SEVERE]: Timed out receiving message from renderer: 0.100
[1584597778.405][SEVERE]: Timed out receiving message from renderer: 0.100
[1584597778.506][SEVERE]: Timed out receiving message from renderer: 0.100
[1584597778.608][SEVERE]: Timed out receiving message from renderer: 0.100
[1584597778.711][SEVERE]: Timed out receiving message from renderer: 0.100
[1584597778.814][SEVERE]: Timed out receiving message from renderer: 0.100
[1584597778.917][SEVERE]: Timed out receiving message from renderer: 0.100
[1584597779.020][SEVERE]: Timed out receiving message from renderer: 0.100
[1584597779.123][SEVERE]: Timed out receiving message from renderer: 0.100
[1584597779.226][SEVERE]: Timed out receiving message from renderer: 0.100
[1584597779.329][SEVERE]: Timed out receiving message from renderer: 0.100
[1584597779.432][SEVERE]: Timed out receiving message from renderer: 0.100
[1584597779.535][SEVERE]: Timed out receiving message from renderer: 0.100
[1584597779.638][SEVERE]: Timed out receiving message from renderer: 0.100
[1584597779.740][SEVERE]: Timed out receiving message from renderer: 0.100
[1584597779.841][SEVERE]: Timed out receiving message from renderer: 0.100
[1584597779.944][SEVERE]: Timed out receiving message from renderer: 0.100
[1584597780.047][SEVERE]: Timed out receiving message from renderer: 0.100
[1584597780.148][SEVERE]: Timed out receiving message from renderer: 0.100
[1584597780.251][SEVERE]: Timed out receiving message from renderer: 0.100
[1584597780.354][SEVERE]: Timed out receiving message from renderer: 0.100
[1584597780.457][SEVERE]: Timed out receiving message from renderer: 0.100
[1584597780.560][SEVERE]: Timed out receiving message from renderer: 0.100
[1584597780.663][SEVERE]: Timed out receiving message from renderer: 0.100
[1584597780.766][SEVERE]: Timed out receiving message from renderer: 0.100
[1584597780.867][SEVERE]: Timed out receiving message from renderer: 0.100
[1584597780.969][SEVERE]: Timed out receiving message from renderer: 0.100
[1584597781.071][SEVERE]: Timed out receiving message from renderer: 0.100
[1584597781.174][SEVERE]: Timed out receiving message from renderer: 0.100
[1584597781.276][SEVERE]: Timed out receiving message from renderer: 0.100
[1584597781.379][SEVERE]: Timed out receiving message from renderer: 0.100
[1584597781.483][SEVERE]: Timed out receiving message from renderer: 0.100
[1584597781.586][SEVERE]: Timed out receiving message from renderer: 0.100
[1584597781.689][SEVERE]: Timed out receiving message from renderer: 0.100
[1584597781.792][SEVERE]: Timed out receiving message from renderer: 0.100
[1584597781.896][SEVERE]: Timed out receiving message from renderer: 0.100
[1584597781.998][SEVERE]: Timed out receiving message from renderer: 0.100
[1584597782.099][SEVERE]: Timed out receiving message from renderer: 0.100
[1584597782.200][SEVERE]: Timed out receiving message from renderer: 0.100
[1584597782.303][SEVERE]: Timed out receiving message from renderer: 0.100
[1584597782.406][SEVERE]: Timed out receiving message from renderer: 0.100
[1584597782.509][SEVERE]: Timed out receiving message from renderer: 0.100
[1584597782.611][SEVERE]: Timed out receiving message from renderer: 0.100
[1584597782.715][SEVERE]: Timed out receiving message from renderer: 0.100
[1584597782.816][SEVERE]: Timed out receiving message from renderer: 0.100
[1584597782.921][SEVERE]: Timed out receiving message from renderer: 0.100
[1584597783.027][SEVERE]: Timed out receiving message from renderer: 0.100
[1584597783.128][SEVERE]: Timed out receiving message from renderer: 0.100
[1584597783.229][SEVERE]: Timed out receiving message from renderer: 0.100
[1584597783.332][SEVERE]: Timed out receiving message from renderer: 0.100
[1584597783.436][SEVERE]: Timed out receiving message from renderer: 0.100
[1584597783.539][SEVERE]: Timed out receiving message from renderer: 0.100
[1584597783.641][SEVERE]: Timed out receiving message from renderer: 0.100
[1584597783.744][SEVERE]: Timed out receiving message from renderer: 0.100
[1584597783.845][SEVERE]: Timed out receiving message from renderer: 0.100
[1584597783.948][SEVERE]: Timed out receiving message from renderer: 0.100
[1584597784.052][SEVERE]: Timed out receiving message from renderer: 0.100
[1584597784.156][SEVERE]: Timed out receiving message from renderer: 0.100
[1584597784.256][SEVERE]: Timed out receiving message from renderer: 0.100
[1584597784.358][SEVERE]: Timed out receiving message from renderer: 0.100
[1584597784.461][SEVERE]: Timed out receiving message from renderer: 0.100
[1584597784.563][SEVERE]: Timed out receiving message from renderer: 0.100
[1584597784.667][SEVERE]: Timed out receiving message from renderer: 0.100
[1584597784.770][SEVERE]: Timed out receiving message from renderer: 0.100
[1584597784.873][SEVERE]: Timed out receiving message from renderer: 0.100
[1584597784.976][SEVERE]: Timed out receiving message from renderer: 0.100
[1584597785.078][SEVERE]: Timed out receiving message from renderer: 0.100
[1584597785.181][SEVERE]: Timed out receiving message from renderer: 0.100
[1584597785.285][SEVERE]: Timed out receiving message from renderer: 0.100
[1584597785.386][SEVERE]: Timed out receiving message from renderer: 0.100
[1584597785.487][SEVERE]: Timed out receiving message from renderer: 0.100
[1584597785.590][SEVERE]: Timed out receiving message from renderer: 0.100
[1584597785.693][SEVERE]: Timed out receiving message from renderer: 0.100
[1584597785.796][SEVERE]: Timed out receiving message from renderer: 0.100
[1584597785.900][SEVERE]: Timed out receiving message from renderer: 0.100
[1584597786.003][SEVERE]: Timed out receiving message from renderer: 0.100
[1584597786.106][SEVERE]: Timed out receiving message from renderer: 0.100
[1584597786.209][SEVERE]: Timed out receiving message from renderer: 0.100
[1584597786.311][SEVERE]: Timed out receiving message from renderer: 0.100
[1584597786.412][SEVERE]: Timed out receiving message from renderer: 0.100
[1584597786.513][SEVERE]: Timed out receiving message from renderer: 0.100
[1584597786.614][SEVERE]: Timed out receiving message from renderer: 0.100
[1584597786.738][SEVERE]: Timed out receiving message from renderer: 0.100
[1584597786.841][SEVERE]: Timed out receiving message from renderer: 0.100
[1584597787.050][SEVERE]: Timed out receiving message from renderer: 0.100
[1584597787.154][SEVERE]: Timed out receiving message from renderer: 0.100
[1584597787.279][SEVERE]: Timed out receiving message from renderer: 0.100
[1584597787.380][SEVERE]: Timed out receiving message from renderer: 0.100
[1584597787.572][SEVERE]: Timed out receiving message from renderer: 0.100
[1584597787.673][SEVERE]: Timed out receiving message from renderer: 0.100
[1584597787.774][SEVERE]: Timed out receiving message from renderer: 0.100
[1584597787.878][SEVERE]: Timed out receiving message from renderer: 0.100
[1584597787.979][SEVERE]: Timed out receiving message from renderer: 0.100
[1584597788.081][SEVERE]: Timed out receiving message from renderer: 0.100
[1584597788.183][SEVERE]: Timed out receiving message from renderer: 0.100
[1584597788.286][SEVERE]: Timed out receiving message from renderer: 0.100
[1584597788.387][SEVERE]: Timed out receiving message from renderer: 0.100
[1584597788.490][SEVERE]: Timed out receiving message from renderer: 0.100
[1584597788.591][SEVERE]: Timed out receiving message from renderer: 0.100
[1584597788.692][SEVERE]: Timed out receiving message from renderer: 0.100
Starting ChromeDriver 80.0.3987.106 (f68069574609230cf9b635cd784cfb1bf81bb53a-refs/branch-heads/3987@{#882}) on port 27294
Only local connections are allowed.
Please protect ports used by ChromeDriver and related test frameworks to prevent access by malicious code.
[1584597812.513][WARNING]: Timed out connecting to Chrome, retrying...
Mar 19, 2020 11:33:34 AM org.openqa.selenium.remote.ProtocolHandshake createSession
INFO: Detected dialect: W3C
[1584597816.533][WARNING]: Timed out connecting to Chrome, retrying...
[1584597819.933][SEVERE]: Timed out receiving message from renderer: 0.100
[1584597820.035][SEVERE]: Timed out receiving message from renderer: 0.100
[1584597820.155][SEVERE]: Timed out receiving message from renderer: 0.100
[1584597820.256][SEVERE]: Timed out receiving message from renderer: 0.100
[1584597820.358][SEVERE]: Timed out receiving message from renderer: 0.100
[1584597820.461][SEVERE]: Timed out receiving message from renderer: 0.100
[1584597820.564][SEVERE]: Timed out receiving message from renderer: 0.100
[1584597820.666][SEVERE]: Timed out receiving message from renderer: 0.100
[1584597820.767][SEVERE]: Timed out receiving message from renderer: 0.100
[1584597820.870][SEVERE]: Timed out receiving message from renderer: 0.100
[1584597820.973][SEVERE]: Timed out receiving message from renderer: 0.100
[1584597821.075][SEVERE]: Timed out receiving message from renderer: 0.100
[1584597821.178][SEVERE]: Timed out receiving message from renderer: 0.100
[1584597821.282][SEVERE]: Timed out receiving message from renderer: 0.100
[1584597821.385][SEVERE]: Timed out receiving message from renderer: 0.100
[1584597821.488][SEVERE]: Timed out receiving message from renderer: 0.100
[1584597821.591][SEVERE]: Timed out receiving message from renderer: 0.100
[1584597821.694][SEVERE]: Timed out receiving message from renderer: 0.100
[1584597821.795][SEVERE]: Timed out receiving message from renderer: 0.100
[1584597821.897][SEVERE]: Timed out receiving message from renderer: 0.100
[1584597822.000][SEVERE]: Timed out receiving message from renderer: 0.100
[1584597822.103][SEVERE]: Timed out receiving message from renderer: 0.100
[1584597822.206][SEVERE]: Timed out receiving message from renderer: 0.100
[1584597822.309][SEVERE]: Timed out receiving message from renderer: 0.100
[1584597822.412][SEVERE]: Timed out receiving message from renderer: 0.100
[1584597822.515][SEVERE]: Timed out receiving message from renderer: 0.100
[1584597822.618][SEVERE]: Timed out receiving message from renderer: 0.100
[1584597822.721][SEVERE]: Timed out receiving message from renderer: 0.100
[1584597822.824][SEVERE]: Timed out receiving message from renderer: 0.100
[1584597822.925][SEVERE]: Timed out receiving message from renderer: 0.100
[1584597823.026][SEVERE]: Timed out receiving message from renderer: 0.100
[1584597823.129][SEVERE]: Timed out receiving message from renderer: 0.100
[1584597823.232][SEVERE]: Timed out receiving message from renderer: 0.100
[1584597823.335][SEVERE]: Timed out receiving message from renderer: 0.100
[1584597823.439][SEVERE]: Timed out receiving message from renderer: 0.100
[1584597823.540][SEVERE]: Timed out receiving message from renderer: 0.100
[1584597823.643][SEVERE]: Timed out receiving message from renderer: 0.100
[1584597823.746][SEVERE]: Timed out receiving message from renderer: 0.100
[1584597823.850][SEVERE]: Timed out receiving message from renderer: 0.100
[1584597823.953][SEVERE]: Timed out receiving message from renderer: 0.100
[1584597824.054][SEVERE]: Timed out receiving message from renderer: 0.100
[1584597824.157][SEVERE]: Timed out receiving message from renderer: 0.100
[1584597824.260][SEVERE]: Timed out receiving message from renderer: 0.100
[1584597824.363][SEVERE]: Timed out receiving message from renderer: 0.100
[1584597824.465][SEVERE]: Timed out receiving message from renderer: 0.100
[1584597824.568][SEVERE]: Timed out receiving message from renderer: 0.100
[1584597824.673][SEVERE]: Timed out receiving message from renderer: 0.100
[1584597824.776][SEVERE]: Timed out receiving message from renderer: 0.100
[1584597824.879][SEVERE]: Timed out receiving message from renderer: 0.100
[1584597824.982][SEVERE]: Timed out receiving message from renderer: 0.100
[1584597825.085][SEVERE]: Timed out receiving message from renderer: 0.100
[1584597825.186][SEVERE]: Timed out receiving message from renderer: 0.100
[1584597825.288][SEVERE]: Timed out receiving message from renderer: 0.100
[1584597825.391][SEVERE]: Timed out receiving message from renderer: 0.100
[1584597825.521][SEVERE]: Timed out receiving message from renderer: 0.100
[1584597825.624][SEVERE]: Timed out receiving message from renderer: 0.100
[1584597825.727][SEVERE]: Timed out receiving message from renderer: 0.100
[1584597825.829][SEVERE]: Timed out receiving message from renderer: 0.100
[1584597825.932][SEVERE]: Timed out receiving message from renderer: 0.100
[1584597826.036][SEVERE]: Timed out receiving message from renderer: 0.100
[1584597826.139][SEVERE]: Timed out receiving message from renderer: 0.100
[1584597826.242][SEVERE]: Timed out receiving message from renderer: 0.100
[1584597826.343][SEVERE]: Timed out receiving message from renderer: 0.100
[1584597826.444][SEVERE]: Timed out receiving message from renderer: 0.100
[1584597826.547][SEVERE]: Timed out receiving message from renderer: 0.100
[1584597826.650][SEVERE]: Timed out receiving message from renderer: 0.100
[1584597826.753][SEVERE]: Timed out receiving message from renderer: 0.100
[1584597826.856][SEVERE]: Timed out receiving message from renderer: 0.100
[1584597826.960][SEVERE]: Timed out receiving message from renderer: 0.100
[1584597827.063][SEVERE]: Timed out receiving message from renderer: 0.100
[1584597827.166][SEVERE]: Timed out receiving message from renderer: 0.100
[1584597827.269][SEVERE]: Timed out receiving message from renderer: 0.100
[1584597827.371][SEVERE]: Timed out receiving message from renderer: 0.100
[1584597827.472][SEVERE]: Timed out receiving message from renderer: 0.100
[1584597827.574][SEVERE]: Timed out receiving message from renderer: 0.100
[1584597827.741][SEVERE]: Timed out receiving message from renderer: 0.100
[1584597827.844][SEVERE]: Timed out receiving message from renderer: 0.100
[1584597827.947][SEVERE]: Timed out receiving message from renderer: 0.100
[1584597828.049][SEVERE]: Timed out receiving message from renderer: 0.100
[1584597828.151][SEVERE]: Timed out receiving message from renderer: 0.100
[1584597828.255][SEVERE]: Timed out receiving message from renderer: 0.100
[1584597828.358][SEVERE]: Timed out receiving message from renderer: 0.100
[1584597828.461][SEVERE]: Timed out receiving message from renderer: 0.100
[1584597828.563][SEVERE]: Timed out receiving message from renderer: 0.100
[1584597828.664][SEVERE]: Timed out receiving message from renderer: 0.100
[1584597828.843][SEVERE]: Timed out receiving message from renderer: 0.100
[1584597828.946][SEVERE]: Timed out receiving message from renderer: 0.100
[1584597829.049][SEVERE]: Timed out receiving message from renderer: 0.100
[1584597829.151][SEVERE]: Timed out receiving message from renderer: 0.100
[1584597829.254][SEVERE]: Timed out receiving message from renderer: 0.100
[1584597829.356][SEVERE]: Timed out receiving message from renderer: 0.100
[1584597829.459][SEVERE]: Timed out receiving message from renderer: 0.100
[1584597829.562][SEVERE]: Timed out receiving message from renderer: 0.100
[1584597829.665][SEVERE]: Timed out receiving message from renderer: 0.100
[1584597829.767][SEVERE]: Timed out receiving message from renderer: 0.100
[1584597829.869][SEVERE]: Timed out receiving message from renderer: 0.100
[1584597829.980][SEVERE]: Timed out receiving message from renderer: 0.100
[1584597830.082][SEVERE]: Timed out receiving message from renderer: 0.100
[1584597830.185][SEVERE]: Timed out receiving message from renderer: 0.100
[1584597830.287][SEVERE]: Timed out receiving message from renderer: 0.100
[1584597830.390][SEVERE]: Timed out receiving message from renderer: 0.100
[1584597830.492][SEVERE]: Timed out receiving message from renderer: 0.100
[1584597830.595][SEVERE]: Timed out receiving message from renderer: 0.100
[1584597830.698][SEVERE]: Timed out receiving message from renderer: 0.100
[1584597830.805][SEVERE]: Timed out receiving message from renderer: 0.100
[1584597830.906][SEVERE]: Timed out receiving message from renderer: 0.100
[1584597831.008][SEVERE]: Timed out receiving message from renderer: 0.100
[1584597831.111][SEVERE]: Timed out receiving message from renderer: 0.100
[1584597831.216][SEVERE]: Timed out receiving message from renderer: 0.100
[1584597831.319][SEVERE]: Timed out receiving message from renderer: 0.100
[1584597831.423][SEVERE]: Timed out receiving message from renderer: 0.100
[1584597831.526][SEVERE]: Timed out receiving message from renderer: 0.100
[1584597831.629][SEVERE]: Timed out receiving message from renderer: 0.100
[1584597831.733][SEVERE]: Timed out receiving message from renderer: 0.100
[1584597831.835][SEVERE]: Timed out receiving message from renderer: 0.100
[1584597831.938][SEVERE]: Timed out receiving message from renderer: 0.100
[1584597832.039][SEVERE]: Timed out receiving message from renderer: 0.100
[1584597832.142][SEVERE]: Timed out receiving message from renderer: 0.100
[1584597832.250][SEVERE]: Timed out receiving message from renderer: 0.100
[1584597832.354][SEVERE]: Timed out receiving message from renderer: 0.100
[1584597832.457][SEVERE]: Timed out receiving message from renderer: 0.100
[1584597832.558][SEVERE]: Timed out receiving message from renderer: 0.100
[1584597832.661][SEVERE]: Timed out receiving message from renderer: 0.100
[1584597832.764][SEVERE]: Timed out receiving message from renderer: 0.100
[1584597832.866][SEVERE]: Timed out receiving message from renderer: 0.100
[1584597832.969][SEVERE]: Timed out receiving message from renderer: 0.100
[1584597833.073][SEVERE]: Timed out receiving message from renderer: 0.100
[1584597833.174][SEVERE]: Timed out receiving message from renderer: 0.100
[1584597833.276][SEVERE]: Timed out receiving message from renderer: 0.100
[1584597833.380][SEVERE]: Timed out receiving message from renderer: 0.100
[1584597833.488][SEVERE]: Timed out receiving message from renderer: 0.100
[1584597833.591][SEVERE]: Timed out receiving message from renderer: 0.100
[1584597833.694][SEVERE]: Timed out receiving message from renderer: 0.100
[1584597833.796][SEVERE]: Timed out receiving message from renderer: 0.100
[1584597833.899][SEVERE]: Timed out receiving message from renderer: 0.100
[1584597834.002][SEVERE]: Timed out receiving message from renderer: 0.100
[1584597834.105][SEVERE]: Timed out receiving message from renderer: 0.100
[1584597834.208][SEVERE]: Timed out receiving message from renderer: 0.100
[1584597834.309][SEVERE]: Timed out receiving message from renderer: 0.100
[1584597834.410][SEVERE]: Timed out receiving message from renderer: 0.100
[1584597834.513][SEVERE]: Timed out receiving message from renderer: 0.100
[1584597834.617][SEVERE]: Timed out receiving message from renderer: 0.100
[1584597834.720][SEVERE]: Timed out receiving message from renderer: 0.100
[1584597834.823][SEVERE]: Timed out receiving message from renderer: 0.100
[1584597834.929][SEVERE]: Timed out receiving message from renderer: 0.100
[1584597835.033][SEVERE]: Timed out receiving message from renderer: 0.100
[1584597835.136][SEVERE]: Timed out receiving message from renderer: 0.100
[1584597835.242][SEVERE]: Timed out receiving message from renderer: 0.100
[1584597835.344][SEVERE]: Timed out receiving message from renderer: 0.100
[1584597835.446][SEVERE]: Timed out receiving message from renderer: 0.100
[1584597835.549][SEVERE]: Timed out receiving message from renderer: 0.100
[1584597835.653][SEVERE]: Timed out receiving message from renderer: 0.100
[1584597835.754][SEVERE]: Timed out receiving message from renderer: 0.100
[1584597835.856][SEVERE]: Timed out receiving message from renderer: 0.100
[1584597835.957][SEVERE]: Timed out receiving message from renderer: 0.100
[1584597836.060][SEVERE]: Timed out receiving message from renderer: 0.100
[1584597836.162][SEVERE]: Timed out receiving message from renderer: 0.100
[1584597836.267][SEVERE]: Timed out receiving message from renderer: 0.100
[1584597836.379][SEVERE]: Timed out receiving message from renderer: 0.100
[1584597836.480][SEVERE]: Timed out receiving message from renderer: 0.100
[1584597836.581][SEVERE]: Timed out receiving message from renderer: 0.100
[1584597836.685][SEVERE]: Timed out receiving message from renderer: 0.100
[1584597836.788][SEVERE]: Timed out receiving message from renderer: 0.100
[1584597836.891][SEVERE]: Timed out receiving message from renderer: 0.100
[1584597836.994][SEVERE]: Timed out receiving message from renderer: 0.100
[1584597837.097][SEVERE]: Timed out receiving message from renderer: 0.100
[1584597837.198][SEVERE]: Timed out receiving message from renderer: 0.100
[1584597837.300][SEVERE]: Timed out receiving message from renderer: 0.100
[1584597837.402][SEVERE]: Timed out receiving message from renderer: 0.100
[1584597837.505][SEVERE]: Timed out receiving message from renderer: 0.100
[1584597837.607][SEVERE]: Timed out receiving message from renderer: 0.100
[1584597837.708][SEVERE]: Timed out receiving message from renderer: 0.100
[1584597837.809][SEVERE]: Timed out receiving message from renderer: 0.100
[1584597837.911][SEVERE]: Timed out receiving message from renderer: 0.100
[1584597838.015][SEVERE]: Timed out receiving message from renderer: 0.100
[1584597838.118][SEVERE]: Timed out receiving message from renderer: 0.100
[1584597838.221][SEVERE]: Timed out receiving message from renderer: 0.100
[1584597838.325][SEVERE]: Timed out receiving message from renderer: 0.100
[1584597838.427][SEVERE]: Timed out receiving message from renderer: 0.100
[1584597838.530][SEVERE]: Timed out receiving message from renderer: 0.100
[1584597838.633][SEVERE]: Timed out receiving message from renderer: 0.100
[1584597838.737][SEVERE]: Timed out receiving message from renderer: 0.100
[1584597838.838][SEVERE]: Timed out receiving message from renderer: 0.100
[1584597838.939][SEVERE]: Timed out receiving message from renderer: 0.100
[1584597839.040][SEVERE]: Timed out receiving message from renderer: 0.100
[1584597839.143][SEVERE]: Timed out receiving message from renderer: 0.100
[1584597839.246][SEVERE]: Timed out receiving message from renderer: 0.100
[1584597839.349][SEVERE]: Timed out receiving message from renderer: 0.100
[1584597839.452][SEVERE]: Timed out receiving message from renderer: 0.100
[1584597839.556][SEVERE]: Timed out receiving message from renderer: 0.100
[1584597839.659][SEVERE]: Timed out receiving message from renderer: 0.100
[1584597839.761][SEVERE]: Timed out receiving message from renderer: 0.100
[1584597839.867][SEVERE]: Timed out receiving message from renderer: 0.100
[1584597839.969][SEVERE]: Timed out receiving message from renderer: 0.100
[1584597840.070][SEVERE]: Timed out receiving message from renderer: 0.100
[1584597840.171][SEVERE]: Timed out receiving message from renderer: 0.100
[1584597840.274][SEVERE]: Timed out receiving message from renderer: 0.100
[1584597840.378][SEVERE]: Timed out receiving message from renderer: 0.100
[1584597840.480][SEVERE]: Timed out receiving message from renderer: 0.100
[1584597840.583][SEVERE]: Timed out receiving message from renderer: 0.100
[1584597840.686][SEVERE]: Timed out receiving message from renderer: 0.100
[1584597840.789][SEVERE]: Timed out receiving message from renderer: 0.100
[1584597840.893][SEVERE]: Timed out receiving message from renderer: 0.100
[1584597840.996][SEVERE]: Timed out receiving message from renderer: 0.100
[1584597841.098][SEVERE]: Timed out receiving message from renderer: 0.100
[1584597841.200][SEVERE]: Timed out receiving message from renderer: 0.100
[1584597841.303][SEVERE]: Timed out receiving message from renderer: 0.100
[1584597841.406][SEVERE]: Timed out receiving message from renderer: 0.100
[1584597841.509][SEVERE]: Timed out receiving message from renderer: 0.100
[1584597841.613][SEVERE]: Timed out receiving message from renderer: 0.100
[1584597841.716][SEVERE]: Timed out receiving message from renderer: 0.100
[1584597841.819][SEVERE]: Timed out receiving message from renderer: 0.100
[1584597841.922][SEVERE]: Timed out receiving message from renderer: 0.100
[1584597842.023][SEVERE]: Timed out receiving message from renderer: 0.100
[1584597842.126][SEVERE]: Timed out receiving message from renderer: 0.100
[1584597842.229][SEVERE]: Timed out receiving message from renderer: 0.100
[1584597842.330][SEVERE]: Timed out receiving message from renderer: 0.100
[1584597842.431][SEVERE]: Timed out receiving message from renderer: 0.100
[1584597842.534][SEVERE]: Timed out receiving message from renderer: 0.100
[1584597842.637][SEVERE]: Timed out receiving message from renderer: 0.100
[1584597842.741][SEVERE]: Timed out receiving message from renderer: 0.100
[1584597842.846][SEVERE]: Timed out receiving message from renderer: 0.100
[1584597842.950][SEVERE]: Timed out receiving message from renderer: 0.100
[1584597843.053][SEVERE]: Timed out receiving message from renderer: 0.100
[1584597843.155][SEVERE]: Timed out receiving message from renderer: 0.100
[1584597843.259][SEVERE]: Timed out receiving message from renderer: 0.100
[1584597843.362][SEVERE]: Timed out receiving message from renderer: 0.100
[1584597843.463][SEVERE]: Timed out receiving message from renderer: 0.100
[1584597843.564][SEVERE]: Timed out receiving message from renderer: 0.100
[1584597843.667][SEVERE]: Timed out receiving message from renderer: 0.100
[1584597843.771][SEVERE]: Timed out receiving message from renderer: 0.100
[1584597843.874][SEVERE]: Timed out receiving message from renderer: 0.100
[1584597843.977][SEVERE]: Timed out receiving message from renderer: 0.100
[1584597844.080][SEVERE]: Timed out receiving message from renderer: 0.100
[1584597844.183][SEVERE]: Timed out receiving message from renderer: 0.100
[1584597844.286][SEVERE]: Timed out receiving message from renderer: 0.100
[1584597844.389][SEVERE]: Timed out receiving message from renderer: 0.100
[1584597844.492][SEVERE]: Timed out receiving message from renderer: 0.100
[1584597844.593][SEVERE]: Timed out receiving message from renderer: 0.100
[1584597844.695][SEVERE]: Timed out receiving message from renderer: 0.100
[1584597844.799][SEVERE]: Timed out receiving message from renderer: 0.100
[1584597844.902][SEVERE]: Timed out receiving message from renderer: 0.100
[1584597845.005][SEVERE]: Timed out receiving message from renderer: 0.100
[1584597845.108][SEVERE]: Timed out receiving message from renderer: 0.100
[1584597845.210][SEVERE]: Timed out receiving message from renderer: 0.100
[1584597845.312][SEVERE]: Timed out receiving message from renderer: 0.100
[1584597845.413][SEVERE]: Timed out receiving message from renderer: 0.100
[1584597845.514][SEVERE]: Timed out receiving message from renderer: 0.100
[1584597845.615][SEVERE]: Timed out receiving message from renderer: 0.100
[1584597845.716][SEVERE]: Timed out receiving message from renderer: 0.100
[1584597845.816][SEVERE]: Timed out receiving message from renderer: 0.100
[1584597845.917][SEVERE]: Timed out receiving message from renderer: 0.100
[1584597846.019][SEVERE]: Timed out receiving message from renderer: 0.100
[1584597846.120][SEVERE]: Timed out receiving message from renderer: 0.100
[1584597846.221][SEVERE]: Timed out receiving message from renderer: 0.100
[1584597846.322][SEVERE]: Timed out receiving message from renderer: 0.100
[1584597846.423][SEVERE]: Timed out receiving message from renderer: 0.100
[1584597846.525][SEVERE]: Timed out receiving message from renderer: 0.100
[1584597846.626][SEVERE]: Timed out receiving message from renderer: 0.100
[1584597846.727][SEVERE]: Timed out receiving message from renderer: 0.100
[1584597846.829][SEVERE]: Timed out receiving message from renderer: 0.100
[1584597846.930][SEVERE]: Timed out receiving message from renderer: 0.100
[1584597847.031][SEVERE]: Timed out receiving message from renderer: 0.100
[1584597847.134][SEVERE]: Timed out receiving message from renderer: 0.100
[1584597847.235][SEVERE]: Timed out receiving message from renderer: 0.100
[1584597847.336][SEVERE]: Timed out receiving message from renderer: 0.100
[1584597847.437][SEVERE]: Timed out receiving message from renderer: 0.100
[1584597847.538][SEVERE]: Timed out receiving message from renderer: 0.100
[1584597847.640][SEVERE]: Timed out receiving message from renderer: 0.100
[1584597847.741][SEVERE]: Timed out receiving message from renderer: 0.100
[1584597847.842][SEVERE]: Timed out receiving message from renderer: 0.100
[1584597847.944][SEVERE]: Timed out receiving message from renderer: 0.100
[1584597848.045][SEVERE]: Timed out receiving message from renderer: 0.100
[1584597848.146][SEVERE]: Timed out receiving message from renderer: 0.100
[1584597848.248][SEVERE]: Timed out receiving message from renderer: 0.100
[1584597848.349][SEVERE]: Timed out receiving message from renderer: 0.100
[1584597848.450][SEVERE]: Timed out receiving message from renderer: 0.100
[1584597848.552][SEVERE]: Timed out receiving message from renderer: 0.100
[1584597848.653][SEVERE]: Timed out receiving message from renderer: 0.100
[1584597848.754][SEVERE]: Timed out receiving message from renderer: 0.100
[1584597848.855][SEVERE]: Timed out receiving message from renderer: 0.100
[1584597848.956][SEVERE]: Timed out receiving message from renderer: 0.100
[1584597849.059][SEVERE]: Timed out receiving message from renderer: 0.100
[1584597849.161][SEVERE]: Timed out receiving message from renderer: 0.100
[1584597849.263][SEVERE]: Timed out receiving message from renderer: 0.100
[1584597849.366][SEVERE]: Timed out receiving message from renderer: 0.100
[1584597849.469][SEVERE]: Timed out receiving message from renderer: 0.100
[1584597849.572][SEVERE]: Timed out receiving message from renderer: 0.100
[1584597849.674][SEVERE]: Timed out receiving message from renderer: 0.100
[1584597849.776][SEVERE]: Timed out receiving message from renderer: 0.100
[1584597849.879][SEVERE]: Timed out receiving message from renderer: 0.100
[1584597849.982][SEVERE]: Timed out receiving message from renderer: 0.100
[1584597850.086][SEVERE]: Timed out receiving message from renderer: 0.100
[1584597850.189][SEVERE]: Timed out receiving message from renderer: 0.100
[1584597850.290][SEVERE]: Timed out receiving message from renderer: 0.100
[1584597850.393][SEVERE]: Timed out receiving message from renderer: 0.100
[1584597850.496][SEVERE]: Timed out receiving message from renderer: 0.100
[1584597850.599][SEVERE]: Timed out receiving message from renderer: 0.100
[1584597850.702][SEVERE]: Timed out receiving message from renderer: 0.100
[1584597850.806][SEVERE]: Timed out receiving message from renderer: 0.100
[1584597850.909][SEVERE]: Timed out receiving message from renderer: 0.100
[1584597851.030][SEVERE]: Timed out receiving message from renderer: 0.100
[1584597851.133][SEVERE]: Timed out receiving message from renderer: 0.100
[1584597851.236][SEVERE]: Timed out receiving message from renderer: 0.100
[1584597851.383][SEVERE]: Timed out receiving message from renderer: 0.100
[1584597851.555][SEVERE]: Timed out receiving message from renderer: 0.100
[1584597851.656][SEVERE]: Timed out receiving message from renderer: 0.100
[1584597851.840][SEVERE]: Timed out receiving message from renderer: 0.100
[1584597851.941][SEVERE]: Timed out receiving message from renderer: 0.100
[1584597852.044][SEVERE]: Timed out receiving message from renderer: 0.100
[1584597852.146][SEVERE]: Timed out receiving message from renderer: 0.100
[1584597852.248][SEVERE]: Timed out receiving message from renderer: 0.100
[1584597852.349][SEVERE]: Timed out receiving message from renderer: 0.100
[1584597852.450][SEVERE]: Timed out receiving message from renderer: 0.100
[1584597852.551][SEVERE]: Timed out receiving message from renderer: 0.100
[1584597852.652][SEVERE]: Timed out receiving message from renderer: 0.100
org.openqa.selenium.TimeoutException: Expected condition failed: waiting for visibility of Proxy element for: DefaultElementLocator 'By.xpath: //small[@class='text-danger' and text()='Please enter your valid email add']' (tried for 30 second(s) with 500 milliseconds interval)
	at org.openqa.selenium.support.ui.WebDriverWait.timeoutException(WebDriverWait.java:95)
	at org.openqa.selenium.support.ui.FluentWait.until(FluentWait.java:272)
	at com.qa.util.ElementActions.elementwaitByWebElement(ElementActions.java:64)
	at com.qa.pages.AdminLoginPage.verifyInvalidEmailidMsg(AdminLoginPage.java:65)
	at com.qa.stepDefinitions.LoginPageSteps.validate_whether_an_appropriate_error_message_is_thrown(LoginPageSteps.java:86)
	at sun.reflect.NativeMethodAccessorImpl.invoke0(Native Method)
	at sun.reflect.NativeMethodAccessorImpl.invoke(NativeMethodAccessorImpl.java:62)
	at sun.reflect.DelegatingMethodAccessorImpl.invoke(DelegatingMethodAccessorImpl.java:43)
	at java.lang.reflect.Method.invoke(Method.java:498)
	at cucumber.runtime.Utils$1.call(Utils.java:40)
	at cucumber.runtime.Timeout.timeout(Timeout.java:16)
	at cucumber.runtime.Utils.invoke(Utils.java:34)
	at cucumber.runtime.java.JavaStepDefinition.execute(JavaStepDefinition.java:38)
	at cucumber.runtime.StepDefinitionMatch.runStep(StepDefinitionMatch.java:37)
	at cucumber.runtime.Runtime.runStep(Runtime.java:300)
	at cucumber.runtime.model.StepContainer.runStep(StepContainer.java:44)
	at cucumber.runtime.model.StepContainer.runSteps(StepContainer.java:39)
	at cucumber.runtime.model.CucumberScenario.run(CucumberScenario.java:44)
	at cucumber.runtime.model.CucumberFeature.run(CucumberFeature.java:165)
	at cucumber.api.testng.TestNGCucumberRunner.runCucumber(TestNGCucumberRunner.java:63)
	at com.qa.runner.TestRunner.feature(TestRunner.java:44)
	at sun.reflect.NativeMethodAccessorImpl.invoke0(Native Method)
	at sun.reflect.NativeMethodAccessorImpl.invoke(NativeMethodAccessorImpl.java:62)
	at sun.reflect.DelegatingMethodAccessorImpl.invoke(DelegatingMethodAccessorImpl.java:43)
	at java.lang.reflect.Method.invoke(Method.java:498)
	at org.testng.internal.MethodInvocationHelper.invokeMethod(MethodInvocationHelper.java:124)
	at org.testng.internal.Invoker.invokeMethod(Invoker.java:583)
	at org.testng.internal.Invoker.invokeTestMethod(Invoker.java:719)
	at org.testng.internal.Invoker.invokeTestMethods(Invoker.java:989)
	at org.testng.internal.TestMethodWorker.invokeTestMethods(TestMethodWorker.java:125)
	at org.testng.internal.TestMethodWorker.run(TestMethodWorker.java:109)
	at org.testng.TestRunner.privateRun(TestRunner.java:648)
	at org.testng.TestRunner.run(TestRunner.java:505)
	at org.testng.SuiteRunner.runTest(SuiteRunner.java:455)
	at org.testng.SuiteRunner.runSequentially(SuiteRunner.java:450)
	at org.testng.SuiteRunner.privateRun(SuiteRunner.java:415)
	at org.testng.SuiteRunner.run(SuiteRunner.java:364)
	at org.testng.SuiteRunnerWorker.runSuite(SuiteRunnerWorker.java:52)
	at org.testng.SuiteRunnerWorker.run(SuiteRunnerWorker.java:84)
	at org.testng.TestNG.runSuitesSequentially(TestNG.java:1208)
	at org.testng.TestNG.runSuitesLocally(TestNG.java:1137)
	at org.testng.TestNG.runSuites(TestNG.java:1049)
	at org.testng.TestNG.run(TestNG.java:1017)
	at org.apache.maven.surefire.testng.TestNGExecutor.run(TestNGExecutor.java:283)
	at org.apache.maven.surefire.testng.TestNGXmlTestSuite.execute(TestNGXmlTestSuite.java:75)
	at org.apache.maven.surefire.testng.TestNGProvider.invoke(TestNGProvider.java:120)
	at org.apache.maven.surefire.booter.ForkedBooter.invokeProviderInSameClassLoader(ForkedBooter.java:384)
	at org.apache.maven.surefire.booter.ForkedBooter.runSuitesInProcess(ForkedBooter.java:345)
	at org.apache.maven.surefire.booter.ForkedBooter.execute(ForkedBooter.java:126)
	at org.apache.maven.surefire.booter.ForkedBooter.main(ForkedBooter.java:418)
Caused by: org.openqa.selenium.NoSuchElementException: no such element: Unable to locate element: {"method":"xpath","selector":"//small[@class='text-danger' and text()='Please enter your valid email add']"}
  (Session info: chrome=80.0.3987.132)
For documentation on this error, please visit: https://www.seleniumhq.org/exceptions/no_such_element.html
Build info: version: '3.141.59', revision: 'e82be7d358', time: '2018-11-14T08:17:03'
System info: host: 'DESKTOP-QUFA5SU', ip: '10.100.102.66', os.name: 'Windows 10', os.arch: 'amd64', os.version: '10.0', java.version: '1.8.0_161'
Driver info: org.openqa.selenium.chrome.ChromeDriver
Capabilities {acceptInsecureCerts: false, browserName: chrome, browserVersion: 80.0.3987.132, chrome: {chromedriverVersion: 80.0.3987.106 (f68069574609..., userDataDir: C:\Users\ROSARY~1.VEN\AppDa...}, goog:chromeOptions: {debuggerAddress: localhost:55416}, javascriptEnabled: true, networkConnectionEnabled: false, pageLoadStrategy: normal, platform: WINDOWS, platformName: WINDOWS, proxy: Proxy(), setWindowRect: true, strictFileInteractability: false, timeouts: {implicit: 0, pageLoad: 300000, script: 30000}, unhandledPromptBehavior: dismiss and notify}
Session ID: f69efcd7b4638c3244880ba2ddab94ad
*** Element info: {Using=xpath, value=//small[@class='text-danger' and text()='Please enter your valid email add']}
	at sun.reflect.GeneratedConstructorAccessor17.newInstance(Unknown Source)
	at sun.reflect.DelegatingConstructorAccessorImpl.newInstance(DelegatingConstructorAccessorImpl.java:45)
	at java.lang.reflect.Constructor.newInstance(Constructor.java:423)
	at org.openqa.selenium.remote.http.W3CHttpResponseCodec.createException(W3CHttpResponseCodec.java:187)
	at org.openqa.selenium.remote.http.W3CHttpResponseCodec.decode(W3CHttpResponseCodec.java:122)
	at org.openqa.selenium.remote.http.W3CHttpResponseCodec.decode(W3CHttpResponseCodec.java:49)
	at org.openqa.selenium.remote.HttpCommandExecutor.execute(HttpCommandExecutor.java:158)
	at org.openqa.selenium.remote.service.DriverCommandExecutor.execute(DriverCommandExecutor.java:83)
	at org.openqa.selenium.remote.RemoteWebDriver.execute(RemoteWebDriver.java:552)
	at org.openqa.selenium.remote.RemoteWebDriver.findElement(RemoteWebDriver.java:323)
	at org.openqa.selenium.remote.RemoteWebDriver.findElementByXPath(RemoteWebDriver.java:428)
	at org.openqa.selenium.By$ByXPath.findElement(By.java:353)
	at org.openqa.selenium.remote.RemoteWebDriver.findElement(RemoteWebDriver.java:315)
	at org.openqa.selenium.support.pagefactory.DefaultElementLocator.findElement(DefaultElementLocator.java:69)
	at org.openqa.selenium.support.pagefactory.internal.LocatingElementHandler.invoke(LocatingElementHandler.java:38)
	at com.sun.proxy.$Proxy33.isDisplayed(Unknown Source)
	at org.openqa.selenium.support.ui.ExpectedConditions.elementIfVisible(ExpectedConditions.java:314)
	at org.openqa.selenium.support.ui.ExpectedConditions.access$000(ExpectedConditions.java:43)
	at org.openqa.selenium.support.ui.ExpectedConditions$10.apply(ExpectedConditions.java:300)
	at org.openqa.selenium.support.ui.ExpectedConditions$10.apply(ExpectedConditions.java:297)
	at org.openqa.selenium.support.ui.FluentWait.until(FluentWait.java:249)
	... 48 more
]]></system-err>
  </testcase>
</testsuite>